2025-05-13 12:47:17,843 - INFO - log.py:47 - Logging setup complete
2025-05-13 12:47:17,870 - INFO - log.py:47 - Logging setup complete
2025-05-13 12:47:17,871 - INFO - main.py:20 - Starting application...
2025-05-13 12:47:17,871 - INFO - main.py:21 - Initializing database connection & tables
2025-05-13 12:47:18,651 - INFO - base.py:1843 - select pg_catalog.version()
2025-05-13 12:47:18,651 - INFO - base.py:1843 - [raw sql] ()
2025-05-13 12:47:18,746 - INFO - base.py:1843 - select current_schema()
2025-05-13 12:47:18,746 - INFO - base.py:1843 - [raw sql] ()
2025-05-13 12:47:18,836 - INFO - base.py:1843 - show standard_conforming_strings
2025-05-13 12:47:18,836 - INFO - base.py:1843 - [raw sql] ()
2025-05-13 12:47:18,912 - INFO - base.py:2699 - BEGIN (implicit)
2025-05-13 12:47:18,915 - INFO - base.py:1843 - SELECT pg_catalog.pg_class.relname 
FROM pg_catalog.pg_class JOIN pg_catalog.pg_namespace ON pg_catalog.pg_namespace.oid = pg_catalog.pg_class.relnamespace 
WHERE pg_catalog.pg_class.relname = $1::VARCHAR AND pg_catalog.pg_class.relkind = ANY (ARRAY[$2::VARCHAR, $3::VARCHAR, $4::VARCHAR, $5::VARCHAR, $6::VARCHAR]) AND pg_catalog.pg_table_is_visible(pg_catalog.pg_class.oid) AND pg_catalog.pg_namespace.nspname != $7::VARCHAR
2025-05-13 12:47:18,915 - INFO - base.py:1843 - [generated in 0.00018s] ('tbl_users', 'r', 'p', 'f', 'v', 'm', 'pg_catalog')
2025-05-13 12:47:18,984 - INFO - base.py:1843 - SELECT pg_catalog.pg_class.relname 
FROM pg_catalog.pg_class JOIN pg_catalog.pg_namespace ON pg_catalog.pg_namespace.oid = pg_catalog.pg_class.relnamespace 
WHERE pg_catalog.pg_class.relname = $1::VARCHAR AND pg_catalog.pg_class.relkind = ANY (ARRAY[$2::VARCHAR, $3::VARCHAR, $4::VARCHAR, $5::VARCHAR, $6::VARCHAR]) AND pg_catalog.pg_table_is_visible(pg_catalog.pg_class.oid) AND pg_catalog.pg_namespace.nspname != $7::VARCHAR
2025-05-13 12:47:18,984 - INFO - base.py:1843 - [cached since 0.06966s ago] ('my_model', 'r', 'p', 'f', 'v', 'm', 'pg_catalog')
2025-05-13 12:47:19,007 - INFO - base.py:2705 - COMMIT
2025-05-13 12:47:19,032 - INFO - main.py:23 - Database initialized successfully
2025-05-13 12:47:21,463 - INFO - main.py:29 - Shutting down application...
2025-05-13 12:47:21,503 - INFO - main.py:33 - Application shutdown complete
